[2024-03-20 14:14:11] local.ERROR: View [landing.index] not found. {"exception":"[object] (InvalidArgumentException(code: 0): View [landing.index] not found. at C:\\Users\\catal\\OneDrive\\Documents\\GitHub\\bit_fighting\\src\\vendor\\laravel\\framework\\src\\Illuminate\\View\\FileViewFinder.php:137)
[stacktrace]
#0 C:\\Users\\catal\\OneDrive\\Documents\\GitHub\\bit_fighting\\src\\vendor\\laravel\\framework\\src\\Illuminate\\View\\FileViewFinder.php(79): Illuminate\\View\\FileViewFinder->findInPaths()
#1 C:\\Users\\catal\\OneDrive\\Documents\\GitHub\\bit_fighting\\src\\vendor\\laravel\\framework\\src\\Illuminate\\View\\Factory.php(137): Illuminate\\View\\FileViewFinder->find()
#2 C:\\Users\\catal\\OneDrive\\Documents\\GitHub\\bit_fighting\\src\\vendor\\laravel\\framework\\src\\Illuminate\\Foundation\\helpers.php(1020): Illuminate\\View\\Factory->make()
#3 C:\\Users\\catal\\OneDrive\\Documents\\GitHub\\bit_fighting\\src\\app\\Http\\Controllers\\LandingController.php(11): view()
#4 C:\\Users\\catal\\OneDrive\\Documents\\GitHub\\bit_fighting\\src\\vendor\\laravel\\framework\\src\\Illuminate\\Routing\\Controller.php(54): App\\Http\\Controllers\\LandingController->index()
#5 C:\\Users\\catal\\OneDrive\\Documents\\GitHub\\bit_fighting\\src\\vendor\\laravel\\framework\\src\\Illuminate\\Routing\\ControllerDispatcher.php(43): Illuminate\\Routing\\Controller->callAction()
#6 C:\\Users\\catal\\OneDrive\\Documents\\GitHub\\bit_fighting\\src\\vendor\\laravel\\framework\\src\\Illuminate\\Routing\\Route.php(259): Illuminate\\Routing\\ControllerDispatcher->dispatch()
#7 C:\\Users\\catal\\OneDrive\\Documents\\GitHub\\bit_fighting\\src\\vendor\\laravel\\framework\\src\\Illuminate\\Routing\\Route.php(205): Illuminate\\Routing\\Route->runController()
#8 C:\\Users\\catal\\OneDrive\\Documents\\GitHub\\bit_fighting\\src\\vendor\\laravel\\framework\\src\\Illuminate\\Routing\\Router.php(806): Illuminate\\Routing\\Route->run()
#9 C:\\Users\\catal\\OneDrive\\Documents\\GitHub\\bit_fighting\\src\\vendor\\laravel\\framework\\src\\Illuminate\\Pipeline\\Pipeline.php(144): Illuminate\\Routing\\Router->Illuminate\\Routing\\{closure}()
#10 C:\\Users\\catal\\OneDrive\\Documents\\GitHub\\bit_fighting\\src\\vendor\\laravel\\framework\\src\\Illuminate\\Routing\\Middleware\\SubstituteBindings.php(50): Illuminate\\Pipeline\\Pipeline->Illuminate\\Pipeline\\{closure}()
#11 C:\\Users\\catal\\OneDrive\\Documents\\GitHub\\bit_fighting\\src\\vendor\\laravel\\framework\\src\\Illuminate\\Pipeline\\Pipeline.php(183): Illuminate\\Routing\\Middleware\\SubstituteBindings->handle()
#12 C:\\Users\\catal\\OneDrive\\Documents\\GitHub\\bit_fighting\\src\\vendor\\laravel\\framework\\src\\Illuminate\\Foundation\\Http\\Middleware\\VerifyCsrfToken.php(78): Illuminate\\Pipeline\\Pipeline->Illuminate\\Pipeline\\{closure}()
#13 C:\\Users\\catal\\OneDrive\\Documents\\GitHub\\bit_fighting\\src\\vendor\\laravel\\framework\\src\\Illuminate\\Pipeline\\Pipeline.php(183): Illuminate\\Foundation\\Http\\Middleware\\VerifyCsrfToken->handle()
#14 C:\\Users\\catal\\OneDrive\\Documents\\GitHub\\bit_fighting\\src\\vendor\\laravel\\framework\\src\\Illuminate\\View\\Middleware\\ShareErrorsFromSession.php(49): Illuminate\\Pipeline\\Pipeline->Illuminate\\Pipeline\\{closure}()
#15 C:\\Users\\catal\\OneDrive\\Documents\\GitHub\\bit_fighting\\src\\vendor\\laravel\\framework\\src\\Illuminate\\Pipeline\\Pipeline.php(183): Illuminate\\View\\Middleware\\ShareErrorsFromSession->handle()
#16 C:\\Users\\catal\\OneDrive\\Documents\\GitHub\\bit_fighting\\src\\vendor\\laravel\\framework\\src\\Illuminate\\Session\\Middleware\\StartSession.php(121): Illuminate\\Pipeline\\Pipeline->Illuminate\\Pipeline\\{closure}()
#17 C:\\Users\\catal\\OneDrive\\Documents\\GitHub\\bit_fighting\\src\\vendor\\laravel\\framework\\src\\Illuminate\\Session\\Middleware\\StartSession.php(64): Illuminate\\Session\\Middleware\\StartSession->handleStatefulRequest()
#18 C:\\Users\\catal\\OneDrive\\Documents\\GitHub\\bit_fighting\\src\\vendor\\laravel\\framework\\src\\Illuminate\\Pipeline\\Pipeline.php(183): Illuminate\\Session\\Middleware\\StartSession->handle()
#19 C:\\Users\\catal\\OneDrive\\Documents\\GitHub\\bit_fighting\\src\\vendor\\laravel\\framework\\src\\Illuminate\\Cookie\\Middleware\\AddQueuedCookiesToResponse.php(37): Illuminate\\Pipeline\\Pipeline->Illuminate\\Pipeline\\{closure}()
#20 C:\\Users\\catal\\OneDrive\\Documents\\GitHub\\bit_fighting\\src\\vendor\\laravel\\framework\\src\\Illuminate\\Pipeline\\Pipeline.php(183): Illuminate\\Cookie\\Middleware\\AddQueuedCookiesToResponse->handle()
#21 C:\\Users\\catal\\OneDrive\\Documents\\GitHub\\bit_fighting\\src\\vendor\\laravel\\framework\\src\\Illuminate\\Cookie\\Middleware\\EncryptCookies.php(67): Illuminate\\Pipeline\\Pipeline->Illuminate\\Pipeline\\{closure}()
#22 C:\\Users\\catal\\OneDrive\\Documents\\GitHub\\bit_fighting\\src\\vendor\\laravel\\framework\\src\\Illuminate\\Pipeline\\Pipeline.php(183): Illuminate\\Cookie\\Middleware\\EncryptCookies->handle()
#23 C:\\Users\\catal\\OneDrive\\Documents\\GitHub\\bit_fighting\\src\\vendor\\laravel\\framework\\src\\Illuminate\\Pipeline\\Pipeline.php(119): Illuminate\\Pipeline\\Pipeline->Illuminate\\Pipeline\\{closure}()
#24 C:\\Users\\catal\\OneDrive\\Documents\\GitHub\\bit_fighting\\src\\vendor\\laravel\\framework\\src\\Illuminate\\Routing\\Router.php(805): Illuminate\\Pipeline\\Pipeline->then()
#25 C:\\Users\\catal\\OneDrive\\Documents\\GitHub\\bit_fighting\\src\\vendor\\laravel\\framework\\src\\Illuminate\\Routing\\Router.php(784): Illuminate\\Routing\\Router->runRouteWithinStack()
#26 C:\\Users\\catal\\OneDrive\\Documents\\GitHub\\bit_fighting\\src\\vendor\\laravel\\framework\\src\\Illuminate\\Routing\\Router.php(748): Illuminate\\Routing\\Router->runRoute()
#27 C:\\Users\\catal\\OneDrive\\Documents\\GitHub\\bit_fighting\\src\\vendor\\laravel\\framework\\src\\Illuminate\\Routing\\Router.php(737): Illuminate\\Routing\\Router->dispatchToRoute()
#28 C:\\Users\\catal\\OneDrive\\Documents\\GitHub\\bit_fighting\\src\\vendor\\laravel\\framework\\src\\Illuminate\\Foundation\\Http\\Kernel.php(200): Illuminate\\Routing\\Router->dispatch()
#29 C:\\Users\\catal\\OneDrive\\Documents\\GitHub\\bit_fighting\\src\\vendor\\laravel\\framework\\src\\Illuminate\\Pipeline\\Pipeline.php(144): Illuminate\\Foundation\\Http\\Kernel->Illuminate\\Foundation\\Http\\{closure}()
#30 C:\\Users\\catal\\OneDrive\\Documents\\GitHub\\bit_fighting\\src\\vendor\\laravel\\framework\\src\\Illuminate\\Foundation\\Http\\Middleware\\TransformsRequest.php(21): Illuminate\\Pipeline\\Pipeline->Illuminate\\Pipeline\\{closure}()
#31 C:\\Users\\catal\\OneDrive\\Documents\\GitHub\\bit_fighting\\src\\vendor\\laravel\\framework\\src\\Illuminate\\Foundation\\Http\\Middleware\\ConvertEmptyStringsToNull.php(31): Illuminate\\Foundation\\Http\\Middleware\\TransformsRequest->handle()
#32 C:\\Users\\catal\\OneDrive\\Documents\\GitHub\\bit_fighting\\src\\vendor\\laravel\\framework\\src\\Illuminate\\Pipeline\\Pipeline.php(183): Illuminate\\Foundation\\Http\\Middleware\\ConvertEmptyStringsToNull->handle()
#33 C:\\Users\\catal\\OneDrive\\Documents\\GitHub\\bit_fighting\\src\\vendor\\laravel\\framework\\src\\Illuminate\\Foundation\\Http\\Middleware\\TransformsRequest.php(21): Illuminate\\Pipeline\\Pipeline->Illuminate\\Pipeline\\{closure}()
#34 C:\\Users\\catal\\OneDrive\\Documents\\GitHub\\bit_fighting\\src\\vendor\\laravel\\framework\\src\\Illuminate\\Foundation\\Http\\Middleware\\TrimStrings.php(40): Illuminate\\Foundation\\Http\\Middleware\\TransformsRequest->handle()
#35 C:\\Users\\catal\\OneDrive\\Documents\\GitHub\\bit_fighting\\src\\vendor\\laravel\\framework\\src\\Illuminate\\Pipeline\\Pipeline.php(183): Illuminate\\Foundation\\Http\\Middleware\\TrimStrings->handle()
#36 C:\\Users\\catal\\OneDrive\\Documents\\GitHub\\bit_fighting\\src\\vendor\\laravel\\framework\\src\\Illuminate\\Foundation\\Http\\Middleware\\ValidatePostSize.php(27): Illuminate\\Pipeline\\Pipeline->Illuminate\\Pipeline\\{closure}()
#37 C:\\Users\\catal\\OneDrive\\Documents\\GitHub\\bit_fighting\\src\\vendor\\laravel\\framework\\src\\Illuminate\\Pipeline\\Pipeline.php(183): Illuminate\\Foundation\\Http\\Middleware\\ValidatePostSize->handle()
#38 C:\\Users\\catal\\OneDrive\\Documents\\GitHub\\bit_fighting\\src\\vendor\\laravel\\framework\\src\\Illuminate\\Foundation\\Http\\Middleware\\PreventRequestsDuringMaintenance.php(99): Illuminate\\Pipeline\\Pipeline->Illuminate\\Pipeline\\{closure}()
#39 C:\\Users\\catal\\OneDrive\\Documents\\GitHub\\bit_fighting\\src\\vendor\\laravel\\framework\\src\\Illuminate\\Pipeline\\Pipeline.php(183): Illuminate\\Foundation\\Http\\Middleware\\PreventRequestsDuringMaintenance->handle()
#40 C:\\Users\\catal\\OneDrive\\Documents\\GitHub\\bit_fighting\\src\\vendor\\laravel\\framework\\src\\Illuminate\\Http\\Middleware\\HandleCors.php(49): Illuminate\\Pipeline\\Pipeline->Illuminate\\Pipeline\\{closure}()
#41 C:\\Users\\catal\\OneDrive\\Documents\\GitHub\\bit_fighting\\src\\vendor\\laravel\\framework\\src\\Illuminate\\Pipeline\\Pipeline.php(183): Illuminate\\Http\\Middleware\\HandleCors->handle()
#42 C:\\Users\\catal\\OneDrive\\Documents\\GitHub\\bit_fighting\\src\\vendor\\laravel\\framework\\src\\Illuminate\\Http\\Middleware\\TrustProxies.php(39): Illuminate\\Pipeline\\Pipeline->Illuminate\\Pipeline\\{closure}()
#43 C:\\Users\\catal\\OneDrive\\Documents\\GitHub\\bit_fighting\\src\\vendor\\laravel\\framework\\src\\Illuminate\\Pipeline\\Pipeline.php(183): Illuminate\\Http\\Middleware\\TrustProxies->handle()
#44 C:\\Users\\catal\\OneDrive\\Documents\\GitHub\\bit_fighting\\src\\vendor\\laravel\\framework\\src\\Illuminate\\Pipeline\\Pipeline.php(119): Illuminate\\Pipeline\\Pipeline->Illuminate\\Pipeline\\{closure}()
#45 C:\\Users\\catal\\OneDrive\\Documents\\GitHub\\bit_fighting\\src\\vendor\\laravel\\framework\\src\\Illuminate\\Foundation\\Http\\Kernel.php(175): Illuminate\\Pipeline\\Pipeline->then()
#46 C:\\Users\\catal\\OneDrive\\Documents\\GitHub\\bit_fighting\\src\\vendor\\laravel\\framework\\src\\Illuminate\\Foundation\\Http\\Kernel.php(144): Illuminate\\Foundation\\Http\\Kernel->sendRequestThroughRouter()
#47 C:\\Users\\catal\\OneDrive\\Documents\\GitHub\\bit_fighting\\src\\public\\index.php(51): Illuminate\\Foundation\\Http\\Kernel->handle()
#48 C:\\Users\\catal\\OneDrive\\Documents\\GitHub\\bit_fighting\\src\\vendor\\laravel\\framework\\src\\Illuminate\\Foundation\\resources\\server.php(16): require_once('...')
#49 {main}
"} 
[2024-03-20 14:14:11] local.ERROR: file_put_contents(C:\Users\catal\OneDrive\Documents\GitHub\bit_fighting\storage\framework/sessions/i3GRfPZUt3WR9OK5uarpKeLyxep9shX2C4n1Kz9e): Failed to open stream: No such file or directory {"exception":"[object] (ErrorException(code: 0): file_put_contents(C:\\Users\\catal\\OneDrive\\Documents\\GitHub\\bit_fighting\\storage\\framework/sessions/i3GRfPZUt3WR9OK5uarpKeLyxep9shX2C4n1Kz9e): Failed to open stream: No such file or directory at C:\\Users\\catal\\OneDrive\\Documents\\GitHub\\bit_fighting\\src\\vendor\\laravel\\framework\\src\\Illuminate\\Filesystem\\Filesystem.php:204)
[stacktrace]
#0 C:\\Users\\catal\\OneDrive\\Documents\\GitHub\\bit_fighting\\src\\vendor\\laravel\\framework\\src\\Illuminate\\Foundation\\Bootstrap\\HandleExceptions.php(255): Illuminate\\Foundation\\Bootstrap\\HandleExceptions->handleError()
#1 [internal function]: Illuminate\\Foundation\\Bootstrap\\HandleExceptions->Illuminate\\Foundation\\Bootstrap\\{closure}()
#2 C:\\Users\\catal\\OneDrive\\Documents\\GitHub\\bit_fighting\\src\\vendor\\laravel\\framework\\src\\Illuminate\\Filesystem\\Filesystem.php(204): file_put_contents()
#3 C:\\Users\\catal\\OneDrive\\Documents\\GitHub\\bit_fighting\\src\\vendor\\laravel\\framework\\src\\Illuminate\\Session\\FileSessionHandler.php(90): Illuminate\\Filesystem\\Filesystem->put()
#4 C:\\Users\\catal\\OneDrive\\Documents\\GitHub\\bit_fighting\\src\\vendor\\laravel\\framework\\src\\Illuminate\\Session\\Store.php(172): Illuminate\\Session\\FileSessionHandler->write()
#5 C:\\Users\\catal\\OneDrive\\Documents\\GitHub\\bit_fighting\\src\\vendor\\laravel\\framework\\src\\Illuminate\\Session\\Middleware\\StartSession.php(245): Illuminate\\Session\\Store->save()
#6 C:\\Users\\catal\\OneDrive\\Documents\\GitHub\\bit_fighting\\src\\vendor\\laravel\\framework\\src\\Illuminate\\Session\\Middleware\\StartSession.php(130): Illuminate\\Session\\Middleware\\StartSession->saveSession()
#7 C:\\Users\\catal\\OneDrive\\Documents\\GitHub\\bit_fighting\\src\\vendor\\laravel\\framework\\src\\Illuminate\\Session\\Middleware\\StartSession.php(64): Illuminate\\Session\\Middleware\\StartSession->handleStatefulRequest()
#8 C:\\Users\\catal\\OneDrive\\Documents\\GitHub\\bit_fighting\\src\\vendor\\laravel\\framework\\src\\Illuminate\\Pipeline\\Pipeline.php(183): Illuminate\\Session\\Middleware\\StartSession->handle()
#9 C:\\Users\\catal\\OneDrive\\Documents\\GitHub\\bit_fighting\\src\\vendor\\laravel\\framework\\src\\Illuminate\\Cookie\\Middleware\\AddQueuedCookiesToResponse.php(37): Illuminate\\Pipeline\\Pipeline->Illuminate\\Pipeline\\{closure}()
#10 C:\\Users\\catal\\OneDrive\\Documents\\GitHub\\bit_fighting\\src\\vendor\\laravel\\framework\\src\\Illuminate\\Pipeline\\Pipeline.php(183): Illuminate\\Cookie\\Middleware\\AddQueuedCookiesToResponse->handle()
#11 C:\\Users\\catal\\OneDrive\\Documents\\GitHub\\bit_fighting\\src\\vendor\\laravel\\framework\\src\\Illuminate\\Cookie\\Middleware\\EncryptCookies.php(67): Illuminate\\Pipeline\\Pipeline->Illuminate\\Pipeline\\{closure}()
#12 C:\\Users\\catal\\OneDrive\\Documents\\GitHub\\bit_fighting\\src\\vendor\\laravel\\framework\\src\\Illuminate\\Pipeline\\Pipeline.php(183): Illuminate\\Cookie\\Middleware\\EncryptCookies->handle()
#13 C:\\Users\\catal\\OneDrive\\Documents\\GitHub\\bit_fighting\\src\\vendor\\laravel\\framework\\src\\Illuminate\\Pipeline\\Pipeline.php(119): Illuminate\\Pipeline\\Pipeline->Illuminate\\Pipeline\\{closure}()
#14 C:\\Users\\catal\\OneDrive\\Documents\\GitHub\\bit_fighting\\src\\vendor\\laravel\\framework\\src\\Illuminate\\Routing\\Router.php(805): Illuminate\\Pipeline\\Pipeline->then()
#15 C:\\Users\\catal\\OneDrive\\Documents\\GitHub\\bit_fighting\\src\\vendor\\laravel\\framework\\src\\Illuminate\\Routing\\Router.php(784): Illuminate\\Routing\\Router->runRouteWithinStack()
#16 C:\\Users\\catal\\OneDrive\\Documents\\GitHub\\bit_fighting\\src\\vendor\\laravel\\framework\\src\\Illuminate\\Routing\\Router.php(748): Illuminate\\Routing\\Router->runRoute()
#17 C:\\Users\\catal\\OneDrive\\Documents\\GitHub\\bit_fighting\\src\\vendor\\laravel\\framework\\src\\Illuminate\\Routing\\Router.php(737): Illuminate\\Routing\\Router->dispatchToRoute()
#18 C:\\Users\\catal\\OneDrive\\Documents\\GitHub\\bit_fighting\\src\\vendor\\laravel\\framework\\src\\Illuminate\\Foundation\\Http\\Kernel.php(200): Illuminate\\Routing\\Router->dispatch()
#19 C:\\Users\\catal\\OneDrive\\Documents\\GitHub\\bit_fighting\\src\\vendor\\laravel\\framework\\src\\Illuminate\\Pipeline\\Pipeline.php(144): Illuminate\\Foundation\\Http\\Kernel->Illuminate\\Foundation\\Http\\{closure}()
#20 C:\\Users\\catal\\OneDrive\\Documents\\GitHub\\bit_fighting\\src\\vendor\\laravel\\framework\\src\\Illuminate\\Foundation\\Http\\Middleware\\TransformsRequest.php(21): Illuminate\\Pipeline\\Pipeline->Illuminate\\Pipeline\\{closure}()
#21 C:\\Users\\catal\\OneDrive\\Documents\\GitHub\\bit_fighting\\src\\vendor\\laravel\\framework\\src\\Illuminate\\Foundation\\Http\\Middleware\\ConvertEmptyStringsToNull.php(31): Illuminate\\Foundation\\Http\\Middleware\\TransformsRequest->handle()
#22 C:\\Users\\catal\\OneDrive\\Documents\\GitHub\\bit_fighting\\src\\vendor\\laravel\\framework\\src\\Illuminate\\Pipeline\\Pipeline.php(183): Illuminate\\Foundation\\Http\\Middleware\\ConvertEmptyStringsToNull->handle()
#23 C:\\Users\\catal\\OneDrive\\Documents\\GitHub\\bit_fighting\\src\\vendor\\laravel\\framework\\src\\Illuminate\\Foundation\\Http\\Middleware\\TransformsRequest.php(21): Illuminate\\Pipeline\\Pipeline->Illuminate\\Pipeline\\{closure}()
#24 C:\\Users\\catal\\OneDrive\\Documents\\GitHub\\bit_fighting\\src\\vendor\\laravel\\framework\\src\\Illuminate\\Foundation\\Http\\Middleware\\TrimStrings.php(40): Illuminate\\Foundation\\Http\\Middleware\\TransformsRequest->handle()
#25 C:\\Users\\catal\\OneDrive\\Documents\\GitHub\\bit_fighting\\src\\vendor\\laravel\\framework\\src\\Illuminate\\Pipeline\\Pipeline.php(183): Illuminate\\Foundation\\Http\\Middleware\\TrimStrings->handle()
#26 C:\\Users\\catal\\OneDrive\\Documents\\GitHub\\bit_fighting\\src\\vendor\\laravel\\framework\\src\\Illuminate\\Foundation\\Http\\Middleware\\ValidatePostSize.php(27): Illuminate\\Pipeline\\Pipeline->Illuminate\\Pipeline\\{closure}()
#27 C:\\Users\\catal\\OneDrive\\Documents\\GitHub\\bit_fighting\\src\\vendor\\laravel\\framework\\src\\Illuminate\\Pipeline\\Pipeline.php(183): Illuminate\\Foundation\\Http\\Middleware\\ValidatePostSize->handle()
#28 C:\\Users\\catal\\OneDrive\\Documents\\GitHub\\bit_fighting\\src\\vendor\\laravel\\framework\\src\\Illuminate\\Foundation\\Http\\Middleware\\PreventRequestsDuringMaintenance.php(99): Illuminate\\Pipeline\\Pipeline->Illuminate\\Pipeline\\{closure}()
#29 C:\\Users\\catal\\OneDrive\\Documents\\GitHub\\bit_fighting\\src\\vendor\\laravel\\framework\\src\\Illuminate\\Pipeline\\Pipeline.php(183): Illuminate\\Foundation\\Http\\Middleware\\PreventRequestsDuringMaintenance->handle()
#30 C:\\Users\\catal\\OneDrive\\Documents\\GitHub\\bit_fighting\\src\\vendor\\laravel\\framework\\src\\Illuminate\\Http\\Middleware\\HandleCors.php(49): Illuminate\\Pipeline\\Pipeline->Illuminate\\Pipeline\\{closure}()
#31 C:\\Users\\catal\\OneDrive\\Documents\\GitHub\\bit_fighting\\src\\vendor\\laravel\\framework\\src\\Illuminate\\Pipeline\\Pipeline.php(183): Illuminate\\Http\\Middleware\\HandleCors->handle()
#32 C:\\Users\\catal\\OneDrive\\Documents\\GitHub\\bit_fighting\\src\\vendor\\laravel\\framework\\src\\Illuminate\\Http\\Middleware\\TrustProxies.php(39): Illuminate\\Pipeline\\Pipeline->Illuminate\\Pipeline\\{closure}()
#33 C:\\Users\\catal\\OneDrive\\Documents\\GitHub\\bit_fighting\\src\\vendor\\laravel\\framework\\src\\Illuminate\\Pipeline\\Pipeline.php(183): Illuminate\\Http\\Middleware\\TrustProxies->handle()
#34 C:\\Users\\catal\\OneDrive\\Documents\\GitHub\\bit_fighting\\src\\vendor\\laravel\\framework\\src\\Illuminate\\Pipeline\\Pipeline.php(119): Illuminate\\Pipeline\\Pipeline->Illuminate\\Pipeline\\{closure}()
#35 C:\\Users\\catal\\OneDrive\\Documents\\GitHub\\bit_fighting\\src\\vendor\\laravel\\framework\\src\\Illuminate\\Foundation\\Http\\Kernel.php(175): Illuminate\\Pipeline\\Pipeline->then()
#36 C:\\Users\\catal\\OneDrive\\Documents\\GitHub\\bit_fighting\\src\\vendor\\laravel\\framework\\src\\Illuminate\\Foundation\\Http\\Kernel.php(144): Illuminate\\Foundation\\Http\\Kernel->sendRequestThroughRouter()
#37 C:\\Users\\catal\\OneDrive\\Documents\\GitHub\\bit_fighting\\src\\public\\index.php(51): Illuminate\\Foundation\\Http\\Kernel->handle()
#38 C:\\Users\\catal\\OneDrive\\Documents\\GitHub\\bit_fighting\\src\\vendor\\laravel\\framework\\src\\Illuminate\\Foundation\\resources\\server.php(16): require_once('...')
#39 {main}
"} 
[2024-03-20 14:14:25] local.ERROR: View [landing.index] not found. {"exception":"[object] (InvalidArgumentException(code: 0): View [landing.index] not found. at C:\\Users\\catal\\OneDrive\\Documents\\GitHub\\bit_fighting\\src\\vendor\\laravel\\framework\\src\\Illuminate\\View\\FileViewFinder.php:137)
[stacktrace]
#0 C:\\Users\\catal\\OneDrive\\Documents\\GitHub\\bit_fighting\\src\\vendor\\laravel\\framework\\src\\Illuminate\\View\\FileViewFinder.php(79): Illuminate\\View\\FileViewFinder->findInPaths()
#1 C:\\Users\\catal\\OneDrive\\Documents\\GitHub\\bit_fighting\\src\\vendor\\laravel\\framework\\src\\Illuminate\\View\\Factory.php(137): Illuminate\\View\\FileViewFinder->find()
#2 C:\\Users\\catal\\OneDrive\\Documents\\GitHub\\bit_fighting\\src\\vendor\\laravel\\framework\\src\\Illuminate\\Foundation\\helpers.php(1020): Illuminate\\View\\Factory->make()
#3 C:\\Users\\catal\\OneDrive\\Documents\\GitHub\\bit_fighting\\src\\app\\Http\\Controllers\\LandingController.php(11): view()
#4 C:\\Users\\catal\\OneDrive\\Documents\\GitHub\\bit_fighting\\src\\vendor\\laravel\\framework\\src\\Illuminate\\Routing\\Controller.php(54): App\\Http\\Controllers\\LandingController->index()
#5 C:\\Users\\catal\\OneDrive\\Documents\\GitHub\\bit_fighting\\src\\vendor\\laravel\\framework\\src\\Illuminate\\Routing\\ControllerDispatcher.php(43): Illuminate\\Routing\\Controller->callAction()
#6 C:\\Users\\catal\\OneDrive\\Documents\\GitHub\\bit_fighting\\src\\vendor\\laravel\\framework\\src\\Illuminate\\Routing\\Route.php(259): Illuminate\\Routing\\ControllerDispatcher->dispatch()
#7 C:\\Users\\catal\\OneDrive\\Documents\\GitHub\\bit_fighting\\src\\vendor\\laravel\\framework\\src\\Illuminate\\Routing\\Route.php(205): Illuminate\\Routing\\Route->runController()
#8 C:\\Users\\catal\\OneDrive\\Documents\\GitHub\\bit_fighting\\src\\vendor\\laravel\\framework\\src\\Illuminate\\Routing\\Router.php(806): Illuminate\\Routing\\Route->run()
#9 C:\\Users\\catal\\OneDrive\\Documents\\GitHub\\bit_fighting\\src\\vendor\\laravel\\framework\\src\\Illuminate\\Pipeline\\Pipeline.php(144): Illuminate\\Routing\\Router->Illuminate\\Routing\\{closure}()
#10 C:\\Users\\catal\\OneDrive\\Documents\\GitHub\\bit_fighting\\src\\vendor\\laravel\\framework\\src\\Illuminate\\Routing\\Middleware\\SubstituteBindings.php(50): Illuminate\\Pipeline\\Pipeline->Illuminate\\Pipeline\\{closure}()
#11 C:\\Users\\catal\\OneDrive\\Documents\\GitHub\\bit_fighting\\src\\vendor\\laravel\\framework\\src\\Illuminate\\Pipeline\\Pipeline.php(183): Illuminate\\Routing\\Middleware\\SubstituteBindings->handle()
#12 C:\\Users\\catal\\OneDrive\\Documents\\GitHub\\bit_fighting\\src\\vendor\\laravel\\framework\\src\\Illuminate\\Foundation\\Http\\Middleware\\VerifyCsrfToken.php(78): Illuminate\\Pipeline\\Pipeline->Illuminate\\Pipeline\\{closure}()
#13 C:\\Users\\catal\\OneDrive\\Documents\\GitHub\\bit_fighting\\src\\vendor\\laravel\\framework\\src\\Illuminate\\Pipeline\\Pipeline.php(183): Illuminate\\Foundation\\Http\\Middleware\\VerifyCsrfToken->handle()
#14 C:\\Users\\catal\\OneDrive\\Documents\\GitHub\\bit_fighting\\src\\vendor\\laravel\\framework\\src\\Illuminate\\View\\Middleware\\ShareErrorsFromSession.php(49): Illuminate\\Pipeline\\Pipeline->Illuminate\\Pipeline\\{closure}()
#15 C:\\Users\\catal\\OneDrive\\Documents\\GitHub\\bit_fighting\\src\\vendor\\laravel\\framework\\src\\Illuminate\\Pipeline\\Pipeline.php(183): Illuminate\\View\\Middleware\\ShareErrorsFromSession->handle()
#16 C:\\Users\\catal\\OneDrive\\Documents\\GitHub\\bit_fighting\\src\\vendor\\laravel\\framework\\src\\Illuminate\\Session\\Middleware\\StartSession.php(121): Illuminate\\Pipeline\\Pipeline->Illuminate\\Pipeline\\{closure}()
#17 C:\\Users\\catal\\OneDrive\\Documents\\GitHub\\bit_fighting\\src\\vendor\\laravel\\framework\\src\\Illuminate\\Session\\Middleware\\StartSession.php(64): Illuminate\\Session\\Middleware\\StartSession->handleStatefulRequest()
#18 C:\\Users\\catal\\OneDrive\\Documents\\GitHub\\bit_fighting\\src\\vendor\\laravel\\framework\\src\\Illuminate\\Pipeline\\Pipeline.php(183): Illuminate\\Session\\Middleware\\StartSession->handle()
#19 C:\\Users\\catal\\OneDrive\\Documents\\GitHub\\bit_fighting\\src\\vendor\\laravel\\framework\\src\\Illuminate\\Cookie\\Middleware\\AddQueuedCookiesToResponse.php(37): Illuminate\\Pipeline\\Pipeline->Illuminate\\Pipeline\\{closure}()
#20 C:\\Users\\catal\\OneDrive\\Documents\\GitHub\\bit_fighting\\src\\vendor\\laravel\\framework\\src\\Illuminate\\Pipeline\\Pipeline.php(183): Illuminate\\Cookie\\Middleware\\AddQueuedCookiesToResponse->handle()
#21 C:\\Users\\catal\\OneDrive\\Documents\\GitHub\\bit_fighting\\src\\vendor\\laravel\\framework\\src\\Illuminate\\Cookie\\Middleware\\EncryptCookies.php(67): Illuminate\\Pipeline\\Pipeline->Illuminate\\Pipeline\\{closure}()
#22 C:\\Users\\catal\\OneDrive\\Documents\\GitHub\\bit_fighting\\src\\vendor\\laravel\\framework\\src\\Illuminate\\Pipeline\\Pipeline.php(183): Illuminate\\Cookie\\Middleware\\EncryptCookies->handle()
#23 C:\\Users\\catal\\OneDrive\\Documents\\GitHub\\bit_fighting\\src\\vendor\\laravel\\framework\\src\\Illuminate\\Pipeline\\Pipeline.php(119): Illuminate\\Pipeline\\Pipeline->Illuminate\\Pipeline\\{closure}()
#24 C:\\Users\\catal\\OneDrive\\Documents\\GitHub\\bit_fighting\\src\\vendor\\laravel\\framework\\src\\Illuminate\\Routing\\Router.php(805): Illuminate\\Pipeline\\Pipeline->then()
#25 C:\\Users\\catal\\OneDrive\\Documents\\GitHub\\bit_fighting\\src\\vendor\\laravel\\framework\\src\\Illuminate\\Routing\\Router.php(784): Illuminate\\Routing\\Router->runRouteWithinStack()
#26 C:\\Users\\catal\\OneDrive\\Documents\\GitHub\\bit_fighting\\src\\vendor\\laravel\\framework\\src\\Illuminate\\Routing\\Router.php(748): Illuminate\\Routing\\Router->runRoute()
#27 C:\\Users\\catal\\OneDrive\\Documents\\GitHub\\bit_fighting\\src\\vendor\\laravel\\framework\\src\\Illuminate\\Routing\\Router.php(737): Illuminate\\Routing\\Router->dispatchToRoute()
#28 C:\\Users\\catal\\OneDrive\\Documents\\GitHub\\bit_fighting\\src\\vendor\\laravel\\framework\\src\\Illuminate\\Foundation\\Http\\Kernel.php(200): Illuminate\\Routing\\Router->dispatch()
#29 C:\\Users\\catal\\OneDrive\\Documents\\GitHub\\bit_fighting\\src\\vendor\\laravel\\framework\\src\\Illuminate\\Pipeline\\Pipeline.php(144): Illuminate\\Foundation\\Http\\Kernel->Illuminate\\Foundation\\Http\\{closure}()
#30 C:\\Users\\catal\\OneDrive\\Documents\\GitHub\\bit_fighting\\src\\vendor\\laravel\\framework\\src\\Illuminate\\Foundation\\Http\\Middleware\\TransformsRequest.php(21): Illuminate\\Pipeline\\Pipeline->Illuminate\\Pipeline\\{closure}()
#31 C:\\Users\\catal\\OneDrive\\Documents\\GitHub\\bit_fighting\\src\\vendor\\laravel\\framework\\src\\Illuminate\\Foundation\\Http\\Middleware\\ConvertEmptyStringsToNull.php(31): Illuminate\\Foundation\\Http\\Middleware\\TransformsRequest->handle()
#32 C:\\Users\\catal\\OneDrive\\Documents\\GitHub\\bit_fighting\\src\\vendor\\laravel\\framework\\src\\Illuminate\\Pipeline\\Pipeline.php(183): Illuminate\\Foundation\\Http\\Middleware\\ConvertEmptyStringsToNull->handle()
#33 C:\\Users\\catal\\OneDrive\\Documents\\GitHub\\bit_fighting\\src\\vendor\\laravel\\framework\\src\\Illuminate\\Foundation\\Http\\Middleware\\TransformsRequest.php(21): Illuminate\\Pipeline\\Pipeline->Illuminate\\Pipeline\\{closure}()
#34 C:\\Users\\catal\\OneDrive\\Documents\\GitHub\\bit_fighting\\src\\vendor\\laravel\\framework\\src\\Illuminate\\Foundation\\Http\\Middleware\\TrimStrings.php(40): Illuminate\\Foundation\\Http\\Middleware\\TransformsRequest->handle()
#35 C:\\Users\\catal\\OneDrive\\Documents\\GitHub\\bit_fighting\\src\\vendor\\laravel\\framework\\src\\Illuminate\\Pipeline\\Pipeline.php(183): Illuminate\\Foundation\\Http\\Middleware\\TrimStrings->handle()
#36 C:\\Users\\catal\\OneDrive\\Documents\\GitHub\\bit_fighting\\src\\vendor\\laravel\\framework\\src\\Illuminate\\Foundation\\Http\\Middleware\\ValidatePostSize.php(27): Illuminate\\Pipeline\\Pipeline->Illuminate\\Pipeline\\{closure}()
#37 C:\\Users\\catal\\OneDrive\\Documents\\GitHub\\bit_fighting\\src\\vendor\\laravel\\framework\\src\\Illuminate\\Pipeline\\Pipeline.php(183): Illuminate\\Foundation\\Http\\Middleware\\ValidatePostSize->handle()
#38 C:\\Users\\catal\\OneDrive\\Documents\\GitHub\\bit_fighting\\src\\vendor\\laravel\\framework\\src\\Illuminate\\Foundation\\Http\\Middleware\\PreventRequestsDuringMaintenance.php(99): Illuminate\\Pipeline\\Pipeline->Illuminate\\Pipeline\\{closure}()
#39 C:\\Users\\catal\\OneDrive\\Documents\\GitHub\\bit_fighting\\src\\vendor\\laravel\\framework\\src\\Illuminate\\Pipeline\\Pipeline.php(183): Illuminate\\Foundation\\Http\\Middleware\\PreventRequestsDuringMaintenance->handle()
#40 C:\\Users\\catal\\OneDrive\\Documents\\GitHub\\bit_fighting\\src\\vendor\\laravel\\framework\\src\\Illuminate\\Http\\Middleware\\HandleCors.php(49): Illuminate\\Pipeline\\Pipeline->Illuminate\\Pipeline\\{closure}()
#41 C:\\Users\\catal\\OneDrive\\Documents\\GitHub\\bit_fighting\\src\\vendor\\laravel\\framework\\src\\Illuminate\\Pipeline\\Pipeline.php(183): Illuminate\\Http\\Middleware\\HandleCors->handle()
#42 C:\\Users\\catal\\OneDrive\\Documents\\GitHub\\bit_fighting\\src\\vendor\\laravel\\framework\\src\\Illuminate\\Http\\Middleware\\TrustProxies.php(39): Illuminate\\Pipeline\\Pipeline->Illuminate\\Pipeline\\{closure}()
#43 C:\\Users\\catal\\OneDrive\\Documents\\GitHub\\bit_fighting\\src\\vendor\\laravel\\framework\\src\\Illuminate\\Pipeline\\Pipeline.php(183): Illuminate\\Http\\Middleware\\TrustProxies->handle()
#44 C:\\Users\\catal\\OneDrive\\Documents\\GitHub\\bit_fighting\\src\\vendor\\laravel\\framework\\src\\Illuminate\\Pipeline\\Pipeline.php(119): Illuminate\\Pipeline\\Pipeline->Illuminate\\Pipeline\\{closure}()
#45 C:\\Users\\catal\\OneDrive\\Documents\\GitHub\\bit_fighting\\src\\vendor\\laravel\\framework\\src\\Illuminate\\Foundation\\Http\\Kernel.php(175): Illuminate\\Pipeline\\Pipeline->then()
#46 C:\\Users\\catal\\OneDrive\\Documents\\GitHub\\bit_fighting\\src\\vendor\\laravel\\framework\\src\\Illuminate\\Foundation\\Http\\Kernel.php(144): Illuminate\\Foundation\\Http\\Kernel->sendRequestThroughRouter()
#47 C:\\Users\\catal\\OneDrive\\Documents\\GitHub\\bit_fighting\\src\\public\\index.php(51): Illuminate\\Foundation\\Http\\Kernel->handle()
#48 C:\\Users\\catal\\OneDrive\\Documents\\GitHub\\bit_fighting\\src\\vendor\\laravel\\framework\\src\\Illuminate\\Foundation\\resources\\server.php(16): require_once('...')
#49 {main}
"} 
[2024-03-20 14:14:26] local.ERROR: file_put_contents(C:\Users\catal\OneDrive\Documents\GitHub\bit_fighting\storage\framework/sessions/GU0jwBr1sufydfz9bB5u8RJ4ARSuSzne4lXutYtZ): Failed to open stream: No such file or directory {"exception":"[object] (ErrorException(code: 0): file_put_contents(C:\\Users\\catal\\OneDrive\\Documents\\GitHub\\bit_fighting\\storage\\framework/sessions/GU0jwBr1sufydfz9bB5u8RJ4ARSuSzne4lXutYtZ): Failed to open stream: No such file or directory at C:\\Users\\catal\\OneDrive\\Documents\\GitHub\\bit_fighting\\src\\vendor\\laravel\\framework\\src\\Illuminate\\Filesystem\\Filesystem.php:204)
[stacktrace]
#0 C:\\Users\\catal\\OneDrive\\Documents\\GitHub\\bit_fighting\\src\\vendor\\laravel\\framework\\src\\Illuminate\\Foundation\\Bootstrap\\HandleExceptions.php(255): Illuminate\\Foundation\\Bootstrap\\HandleExceptions->handleError()
#1 [internal function]: Illuminate\\Foundation\\Bootstrap\\HandleExceptions->Illuminate\\Foundation\\Bootstrap\\{closure}()
#2 C:\\Users\\catal\\OneDrive\\Documents\\GitHub\\bit_fighting\\src\\vendor\\laravel\\framework\\src\\Illuminate\\Filesystem\\Filesystem.php(204): file_put_contents()
#3 C:\\Users\\catal\\OneDrive\\Documents\\GitHub\\bit_fighting\\src\\vendor\\laravel\\framework\\src\\Illuminate\\Session\\FileSessionHandler.php(90): Illuminate\\Filesystem\\Filesystem->put()
#4 C:\\Users\\catal\\OneDrive\\Documents\\GitHub\\bit_fighting\\src\\vendor\\laravel\\framework\\src\\Illuminate\\Session\\Store.php(172): Illuminate\\Session\\FileSessionHandler->write()
#5 C:\\Users\\catal\\OneDrive\\Documents\\GitHub\\bit_fighting\\src\\vendor\\laravel\\framework\\src\\Illuminate\\Session\\Middleware\\StartSession.php(245): Illuminate\\Session\\Store->save()
#6 C:\\Users\\catal\\OneDrive\\Documents\\GitHub\\bit_fighting\\src\\vendor\\laravel\\framework\\src\\Illuminate\\Session\\Middleware\\StartSession.php(130): Illuminate\\Session\\Middleware\\StartSession->saveSession()
#7 C:\\Users\\catal\\OneDrive\\Documents\\GitHub\\bit_fighting\\src\\vendor\\laravel\\framework\\src\\Illuminate\\Session\\Middleware\\StartSession.php(64): Illuminate\\Session\\Middleware\\StartSession->handleStatefulRequest()
#8 C:\\Users\\catal\\OneDrive\\Documents\\GitHub\\bit_fighting\\src\\vendor\\laravel\\framework\\src\\Illuminate\\Pipeline\\Pipeline.php(183): Illuminate\\Session\\Middleware\\StartSession->handle()
#9 C:\\Users\\catal\\OneDrive\\Documents\\GitHub\\bit_fighting\\src\\vendor\\laravel\\framework\\src\\Illuminate\\Cookie\\Middleware\\AddQueuedCookiesToResponse.php(37): Illuminate\\Pipeline\\Pipeline->Illuminate\\Pipeline\\{closure}()
#10 C:\\Users\\catal\\OneDrive\\Documents\\GitHub\\bit_fighting\\src\\vendor\\laravel\\framework\\src\\Illuminate\\Pipeline\\Pipeline.php(183): Illuminate\\Cookie\\Middleware\\AddQueuedCookiesToResponse->handle()
#11 C:\\Users\\catal\\OneDrive\\Documents\\GitHub\\bit_fighting\\src\\vendor\\laravel\\framework\\src\\Illuminate\\Cookie\\Middleware\\EncryptCookies.php(67): Illuminate\\Pipeline\\Pipeline->Illuminate\\Pipeline\\{closure}()
#12 C:\\Users\\catal\\OneDrive\\Documents\\GitHub\\bit_fighting\\src\\vendor\\laravel\\framework\\src\\Illuminate\\Pipeline\\Pipeline.php(183): Illuminate\\Cookie\\Middleware\\EncryptCookies->handle()
#13 C:\\Users\\catal\\OneDrive\\Documents\\GitHub\\bit_fighting\\src\\vendor\\laravel\\framework\\src\\Illuminate\\Pipeline\\Pipeline.php(119): Illuminate\\Pipeline\\Pipeline->Illuminate\\Pipeline\\{closure}()
#14 C:\\Users\\catal\\OneDrive\\Documents\\GitHub\\bit_fighting\\src\\vendor\\laravel\\framework\\src\\Illuminate\\Routing\\Router.php(805): Illuminate\\Pipeline\\Pipeline->then()
#15 C:\\Users\\catal\\OneDrive\\Documents\\GitHub\\bit_fighting\\src\\vendor\\laravel\\framework\\src\\Illuminate\\Routing\\Router.php(784): Illuminate\\Routing\\Router->runRouteWithinStack()
#16 C:\\Users\\catal\\OneDrive\\Documents\\GitHub\\bit_fighting\\src\\vendor\\laravel\\framework\\src\\Illuminate\\Routing\\Router.php(748): Illuminate\\Routing\\Router->runRoute()
#17 C:\\Users\\catal\\OneDrive\\Documents\\GitHub\\bit_fighting\\src\\vendor\\laravel\\framework\\src\\Illuminate\\Routing\\Router.php(737): Illuminate\\Routing\\Router->dispatchToRoute()
#18 C:\\Users\\catal\\OneDrive\\Documents\\GitHub\\bit_fighting\\src\\vendor\\laravel\\framework\\src\\Illuminate\\Foundation\\Http\\Kernel.php(200): Illuminate\\Routing\\Router->dispatch()
#19 C:\\Users\\catal\\OneDrive\\Documents\\GitHub\\bit_fighting\\src\\vendor\\laravel\\framework\\src\\Illuminate\\Pipeline\\Pipeline.php(144): Illuminate\\Foundation\\Http\\Kernel->Illuminate\\Foundation\\Http\\{closure}()
#20 C:\\Users\\catal\\OneDrive\\Documents\\GitHub\\bit_fighting\\src\\vendor\\laravel\\framework\\src\\Illuminate\\Foundation\\Http\\Middleware\\TransformsRequest.php(21): Illuminate\\Pipeline\\Pipeline->Illuminate\\Pipeline\\{closure}()
#21 C:\\Users\\catal\\OneDrive\\Documents\\GitHub\\bit_fighting\\src\\vendor\\laravel\\framework\\src\\Illuminate\\Foundation\\Http\\Middleware\\ConvertEmptyStringsToNull.php(31): Illuminate\\Foundation\\Http\\Middleware\\TransformsRequest->handle()
#22 C:\\Users\\catal\\OneDrive\\Documents\\GitHub\\bit_fighting\\src\\vendor\\laravel\\framework\\src\\Illuminate\\Pipeline\\Pipeline.php(183): Illuminate\\Foundation\\Http\\Middleware\\ConvertEmptyStringsToNull->handle()
#23 C:\\Users\\catal\\OneDrive\\Documents\\GitHub\\bit_fighting\\src\\vendor\\laravel\\framework\\src\\Illuminate\\Foundation\\Http\\Middleware\\TransformsRequest.php(21): Illuminate\\Pipeline\\Pipeline->Illuminate\\Pipeline\\{closure}()
#24 C:\\Users\\catal\\OneDrive\\Documents\\GitHub\\bit_fighting\\src\\vendor\\laravel\\framework\\src\\Illuminate\\Foundation\\Http\\Middleware\\TrimStrings.php(40): Illuminate\\Foundation\\Http\\Middleware\\TransformsRequest->handle()
#25 C:\\Users\\catal\\OneDrive\\Documents\\GitHub\\bit_fighting\\src\\vendor\\laravel\\framework\\src\\Illuminate\\Pipeline\\Pipeline.php(183): Illuminate\\Foundation\\Http\\Middleware\\TrimStrings->handle()
#26 C:\\Users\\catal\\OneDrive\\Documents\\GitHub\\bit_fighting\\src\\vendor\\laravel\\framework\\src\\Illuminate\\Foundation\\Http\\Middleware\\ValidatePostSize.php(27): Illuminate\\Pipeline\\Pipeline->Illuminate\\Pipeline\\{closure}()
#27 C:\\Users\\catal\\OneDrive\\Documents\\GitHub\\bit_fighting\\src\\vendor\\laravel\\framework\\src\\Illuminate\\Pipeline\\Pipeline.php(183): Illuminate\\Foundation\\Http\\Middleware\\ValidatePostSize->handle()
#28 C:\\Users\\catal\\OneDrive\\Documents\\GitHub\\bit_fighting\\src\\vendor\\laravel\\framework\\src\\Illuminate\\Foundation\\Http\\Middleware\\PreventRequestsDuringMaintenance.php(99): Illuminate\\Pipeline\\Pipeline->Illuminate\\Pipeline\\{closure}()
#29 C:\\Users\\catal\\OneDrive\\Documents\\GitHub\\bit_fighting\\src\\vendor\\laravel\\framework\\src\\Illuminate\\Pipeline\\Pipeline.php(183): Illuminate\\Foundation\\Http\\Middleware\\PreventRequestsDuringMaintenance->handle()
#30 C:\\Users\\catal\\OneDrive\\Documents\\GitHub\\bit_fighting\\src\\vendor\\laravel\\framework\\src\\Illuminate\\Http\\Middleware\\HandleCors.php(49): Illuminate\\Pipeline\\Pipeline->Illuminate\\Pipeline\\{closure}()
#31 C:\\Users\\catal\\OneDrive\\Documents\\GitHub\\bit_fighting\\src\\vendor\\laravel\\framework\\src\\Illuminate\\Pipeline\\Pipeline.php(183): Illuminate\\Http\\Middleware\\HandleCors->handle()
#32 C:\\Users\\catal\\OneDrive\\Documents\\GitHub\\bit_fighting\\src\\vendor\\laravel\\framework\\src\\Illuminate\\Http\\Middleware\\TrustProxies.php(39): Illuminate\\Pipeline\\Pipeline->Illuminate\\Pipeline\\{closure}()
#33 C:\\Users\\catal\\OneDrive\\Documents\\GitHub\\bit_fighting\\src\\vendor\\laravel\\framework\\src\\Illuminate\\Pipeline\\Pipeline.php(183): Illuminate\\Http\\Middleware\\TrustProxies->handle()
#34 C:\\Users\\catal\\OneDrive\\Documents\\GitHub\\bit_fighting\\src\\vendor\\laravel\\framework\\src\\Illuminate\\Pipeline\\Pipeline.php(119): Illuminate\\Pipeline\\Pipeline->Illuminate\\Pipeline\\{closure}()
#35 C:\\Users\\catal\\OneDrive\\Documents\\GitHub\\bit_fighting\\src\\vendor\\laravel\\framework\\src\\Illuminate\\Foundation\\Http\\Kernel.php(175): Illuminate\\Pipeline\\Pipeline->then()
#36 C:\\Users\\catal\\OneDrive\\Documents\\GitHub\\bit_fighting\\src\\vendor\\laravel\\framework\\src\\Illuminate\\Foundation\\Http\\Kernel.php(144): Illuminate\\Foundation\\Http\\Kernel->sendRequestThroughRouter()
#37 C:\\Users\\catal\\OneDrive\\Documents\\GitHub\\bit_fighting\\src\\public\\index.php(51): Illuminate\\Foundation\\Http\\Kernel->handle()
#38 C:\\Users\\catal\\OneDrive\\Documents\\GitHub\\bit_fighting\\src\\vendor\\laravel\\framework\\src\\Illuminate\\Foundation\\resources\\server.php(16): require_once('...')
#39 {main}
"} 
